<?xml version="1.0" encoding="UTF-8"?>
<testsuite xmlns:xsi="http://www.w3.org/2001/XMLSchema-instance" xsi:noNamespaceSchemaLocation="https://maven.apache.org/surefire/maven-surefire-plugin/xsd/surefire-test-report-3.0.xsd" version="3.0" name="Ostrolutskyi_client_server_lab1.MainTest" time="0.121" tests="3" errors="0" skipped="0" failures="0">
  <properties>
[...]
</properties>
  <testcase name="testInvalidPacketException" classname="Ostrolutskyi_client_server_lab1.MainTest" time="0.005"/>
  <testcase name="testMessagePacketDecryption" classname="Ostrolutskyi_client_server_lab1.MainTest" time="0.059"/>
  <testcase name="testMessagePacketEncryption" classname="Ostrolutskyi_client_server_lab1.MainTest" time="0.002"/>
</testsuite>